<?xml version="1.0" encoding="utf-8"?><testsuites name="pytest tests"><testsuite name="pytest" errors="0" failures="0" skipped="0" tests="31" time="12.495" timestamp="2026-08-04T14:11:06.894789+00:00" hostname="agent-env-380b052b-de84-4846-9d48-16be33b91989"><testcase classname="tests.backend_part2_test" name="test_p1_login_founder" time="0.587" /><testcase classname="tests.backend_part2_test" name="test_p1_live_kpis_public" time="0.136" /><testcase classname="tests.backend_part2_test" name="test_p1_settings_activity_notifications" time="0.836" /><testcase classname="tests.backend_part2_test" name="test_dashboard_stats_shape" time="0.164" /><testcase classname="tests.backend_part2_test" name="test_marketplace_dashboard" time="0.121" /><testcase classname="tests.backend_part2_test" name="test_marketplace_list_endpoints" time="1.489" /><testcase classname="tests.backend_part2_test" name="test_marketplace_seeded_counts" time="0.264" /><testcase classname="tests.backend_part2_test" name="test_marketplace_analytics" time="0.134" /><testcase classname="tests.backend_part2_test" name="test_vendor_create_persists" time="0.253" /><testcase classname="tests.backend_part2_test" name="test_vendor_list_includes_new" time="0.131" /><testcase classname="tests.backend_part2_test" name="test_kyc_create_and_approve_cascades" time="0.442" /><testcase classname="tests.backend_part2_test" name="test_booking_status_transition" time="0.489" /><testcase classname="tests.backend_part2_test" name="test_tasks_stats" time="0.195" /><testcase classname="tests.backend_part2_test" name="test_tasks_list_columns" time="0.129" /><testcase classname="tests.backend_part2_test" name="test_task_created_and_in_column" time="0.762" /><testcase classname="tests.backend_part2_test" name="test_task_status_transition" time="0.122" /><testcase classname="tests.backend_part2_test" name="test_task_comment" time="0.217" /><testcase classname="tests.backend_part2_test" name="test_task_assignee_receives_notification" time="0.106" /><testcase classname="tests.backend_part2_test" name="test_employees_stats" time="0.117" /><testcase classname="tests.backend_part2_test" name="test_employees_directory" time="0.140" /><testcase classname="tests.backend_part2_test" name="test_employees_departments" time="0.138" /><testcase classname="tests.backend_part2_test" name="test_employees_attendance_and_leave_list" time="0.403" /><testcase classname="tests.backend_part2_test" name="test_employees_invite_intern_forbidden" time="0.470" /><testcase classname="tests.backend_part2_test" name="test_employees_invite_by_founder" time="0.699" /><testcase classname="tests.backend_part2_test" name="test_employees_leave_workflow_notifies_requester" time="0.885" /><testcase classname="tests.backend_part2_test" name="test_opp_stats" time="0.144" /><testcase classname="tests.backend_part2_test" name="test_opp_create_and_assign_notifies" time="0.890" /><testcase classname="tests.backend_part2_test" name="test_connect_channels_list" time="0.114" /><testcase classname="tests.backend_part2_test" name="test_connect_general_channel_messages" time="0.518" /><testcase classname="tests.backend_part2_test" name="test_connect_dm_open" time="0.262" /><testcase classname="tests.backend_part2_test" name="test_activity_captures_task_and_opp" time="0.663" /></testsuite></testsuites>