<?xml version="1.0" encoding="utf-8"?><testsuites name="pytest tests"><testsuite name="pytest" errors="0" failures="0" skipped="0" tests="19" time="8.517" timestamp="2026-08-04T12:04:40.872035+00:00" hostname="agent-env-380b052b-de84-4846-9d48-16be33b91989"><testcase classname="tests.backend_test" name="test_health" time="0.214" /><testcase classname="tests.backend_test" name="test_live_kpis_is_public" time="0.073" /><testcase classname="tests.backend_test" name="test_login_founder_success" time="0.297" /><testcase classname="tests.backend_test" name="test_login_all_roles" time="1.178" /><testcase classname="tests.backend_test" name="test_login_wrong_password" time="0.290" /><testcase classname="tests.backend_test" name="test_me_invalid_token" time="0.065" /><testcase classname="tests.backend_test" name="test_me_valid" time="0.365" /><testcase classname="tests.backend_test" name="test_refresh_flow" time="0.364" /><testcase classname="tests.backend_test" name="test_refresh_invalid" time="0.073" /><testcase classname="tests.backend_test" name="test_users_list_founder_200" time="0.374" /><testcase classname="tests.backend_test" name="test_users_list_intern_403" time="0.375" /><testcase classname="tests.backend_test" name="test_users_list_employee_403" time="0.361" /><testcase classname="tests.backend_test" name="test_users_list_manager_200" time="0.362" /><testcase classname="tests.backend_test" name="test_dashboard_stats_requires_auth" time="0.069" /><testcase classname="tests.backend_test" name="test_dashboard_stats_authed" time="0.363" /><testcase classname="tests.backend_test" name="test_notifications_endpoints" time="0.444" /><testcase classname="tests.backend_test" name="test_activity" time="0.363" /><testcase classname="tests.backend_test" name="test_settings_company" time="0.377" /><testcase classname="tests.backend_test" name="test_update_profile_and_password_roundtrip" time="2.011" /></testsuite></testsuites>